Log file open, 04/03/25 14:18:35
LogTrace: Initializing trace...
LogTrace: Finished trace initialization.
LogInit: Session CrashGUID >====================================================
         Session CrashGUID >   UECC-Windows-41292DE64639C51FF805718EF9440774
         Session CrashGUID >====================================================
LogConfig: No local boot hotfix file found at: [../../../../../../Users/14347/Documents/GitHub/UNI-TRANSFER/classwork2/Saved/PersistentDownloadDir/HotfixForNextBoot.txt]
LogPluginManager: Mounting Engine plugin PlatformCrypto
LogInit: ExecutableName: UnrealPak.exe
LogInit: Build: ++UE5+Release-5.5-CL-39378466
LogInit: Platform=WindowsEditor
LogInit: MachineId=fae820d4450c83167588fa91ae21f4b0
LogInit: DeviceId=
LogInit: Engine Version: 5.5.2-39378466+++UE5+Release-5.5
LogInit: Compatible Engine Version: 5.5.0-37670630+++UE5+Release-5.5
LogInit: Net CL: 37670630
LogInit: OS: Windows 11 (24H2) [10.0.26100.2894] (), CPU: Intel(R) Core(TM) i9-10900 CPU @ 2.80GHz, GPU: NVIDIA GeForce RTX 3070
LogInit: Compiled (64-bit): Jan 23 2025 19:24:54
LogInit: Architecture: x64
LogInit: Compiled with Visual C++: 19.38.33130.00
LogInit: Build Configuration: Development
LogInit: Branch Name: ++UE5+Release-5.5
LogInit: Command Line: -CreateGlobalContainer=C:\Users\14347\Documents\GitHub\UNI-TRANSFER\classwork2\Saved\StagedBuilds\Windows\classwork2\Content\Paks\global.utoc -PackageStoreManifest=C:\Users\14347\Documents\GitHub\UNI-TRANSFER\classwork2\Saved\Cooked\Windows\classwork2\Metadata\packagestore.manifest -CookedDirectory=C:\Users\14347\Documents\GitHub\UNI-TRANSFER\classwork2\Saved\Cooked\Windows -Commands="C:\Users\14347\AppData\Roaming\Unreal Engine\AutomationTool\Logs\C+Program+Files+Epic+Games+UE_5.5\IoStoreCommands.txt" -ScriptObjects=C:\Users\14347\Documents\GitHub\UNI-TRANSFER\classwork2\Saved\Cooked\Windows\classwork2\Metadata\scriptobjects.bin -patchpaddingalign=2048 -compressionformats=Oodle -compresslevel=4 -compressmethod=Kraken -cryptokeys=C:\Users\14347\Documents\GitHub\UNI-TRANSFER\classwork2\Saved\Cooked\Windows\classwork2\Metadata\Crypto.json -compressionMinBytesSaved=1024 -compressionMinPercentSaved=5 -WriteBackMetadataToAssetRegistry=Disabled -nopak
LogInit: Base Directory: C:/Program Files/Epic Games/UE_5.5/Engine/Binaries/Win64/
LogInit: Allocator: Mimalloc
LogInit: Installed Engine Build: 1
LogInit: This binary is optimized with LTO: no, PGO: no, instrumented for PGO data collection: no
LogDevObjectVersion: Number of dev versions registered: 35
LogDevObjectVersion:   Dev-Blueprints (B0D832E4-1F89-4F0D-ACCF-7EB736FD4AA2): 10
LogDevObjectVersion:   Dev-Build (E1C64328-A22C-4D53-A36C-8E866417BD8C): 0
LogDevObjectVersion:   Dev-Core (375EC13C-06E4-48FB-B500-84F0262A717E): 4
LogDevObjectVersion:   Dev-Editor (E4B068ED-F494-42E9-A231-DA0B2E46BB41): 40
LogDevObjectVersion:   Dev-Framework (CFFC743F-43B0-4480-9391-14DF171D2073): 37
LogDevObjectVersion:   Dev-Mobile (B02B49B5-BB20-44E9-A304-32B752E40360): 3
LogDevObjectVersion:   Dev-Networking (A4E4105C-59A1-49B5-A7C5-40C4547EDFEE): 0
LogDevObjectVersion:   Dev-Online (39C831C9-5AE6-47DC-9A44-9C173E1C8E7C): 0
LogDevObjectVersion:   Dev-Physics (78F01B33-EBEA-4F98-B9B4-84EACCB95AA2): 20
LogDevObjectVersion:   Dev-Platform (6631380F-2D4D-43E0-8009-CF276956A95A): 0
LogDevObjectVersion:   Dev-Rendering (12F88B9F-8875-4AFC-A67C-D90C383ABD29): 49
LogDevObjectVersion:   Dev-Sequencer (7B5AE74C-D270-4C10-A958-57980B212A5A): 13
LogDevObjectVersion:   Dev-VR (D7296918-1DD6-4BDD-9DE2-64A83CC13884): 3
LogDevObjectVersion:   Dev-LoadTimes (C2A15278-BFE7-4AFE-6C17-90FF531DF755): 1
LogDevObjectVersion:   Private-Geometry (6EACA3D4-40EC-4CC1-B786-8BED09428FC5): 3
LogDevObjectVersion:   Dev-AnimPhys (29E575DD-E0A3-4627-9D10-D276232CDCEA): 17
LogDevObjectVersion:   Dev-Anim (AF43A65D-7FD3-4947-9873-3E8ED9C1BB05): 15
LogDevObjectVersion:   Dev-ReflectionCapture (6B266CEC-1EC7-4B8F-A30B-E4D90942FC07): 1
LogDevObjectVersion:   Dev-Automation (0DF73D61-A23F-47EA-B727-89E90C41499A): 1
LogDevObjectVersion:   FortniteMain (601D1886-AC64-4F84-AA16-D3DE0DEAC7D6): 170
LogDevObjectVersion:   FortniteValkyrie (8DBC2C5B-54A7-43E0-A768-FCBB7DA29060): 8
LogDevObjectVersion:   FortniteSeason (5B4C06B7-2463-4AF8-805B-BF70CDF5D0DD): 13
LogDevObjectVersion:   FortniteRelease (E7086368-6B23-4C58-8439-1B7016265E91): 15
LogDevObjectVersion:   Dev-Enterprise (9DFFBCD6-494F-0158-E221-12823C92A888): 10
LogDevObjectVersion:   Dev-Niagara (F2AED0AC-9AFE-416F-8664-AA7FFA26D6FC): 1
LogDevObjectVersion:   Dev-Destruction (174F1F0B-B4C6-45A5-B13F-2EE8D0FB917D): 10
LogDevObjectVersion:   Dev-Physics-Ext (35F94A83-E258-406C-A318-09F59610247C): 41
LogDevObjectVersion:   Dev-PhysicsMaterial-Chaos (B68FC16E-8B1B-42E2-B453-215C058844FE): 1
LogDevObjectVersion:   Dev-CineCamera (B2E18506-4273-CFC2-A54E-F4BB758BBA07): 1
LogDevObjectVersion:   Dev-VirtualProduction (64F58936-FD1B-42BA-BA96-7289D5D0FA4E): 1
LogDevObjectVersion:   UE5-Main (697DD581-E64F-41AB-AA4A-51ECBEB7B628): 119
LogDevObjectVersion:   UE5-Release (D89B5E42-24BD-4D46-8412-ACA8DF641779): 51
LogDevObjectVersion:   UE5-PrivateFrosty (59DA5D52-1232-4948-B878-597870B8E98B): 8
LogDevObjectVersion:   Dev-MediaFramework (6F0ED827-A609-4895-9C91-998D90180EA4): 2
LogDevObjectVersion:   Dev-NaniteResearch (30D58BE3-95EA-4282-A6E3-B159D8EBB06A): 1
LogConfig: Branch 'PlatformCrypto' had been unloaded. Reloading on-demand took 0.33ms
LogInit: Presizing for max 100000 objects, including 0 objects not considered by GC.
LogInit: Object subsystem initialized
LogConfig: Applying CVar settings from Section [Startup] File [../../../Engine/Config/ConsoleVariables.ini]
LogConfig: CVar [[r.DumpShaderDebugInfo:2]] deferred - dummy variable created
LogConfig: CVar [[p.chaos.AllowCreatePhysxBodies:1]] deferred - dummy variable created
LogConfig: CVar [[fx.SkipVectorVMBackendOptimizations:1]] deferred - dummy variable created
LogConfig: CVar [[ds.CADTranslator.Meshing.ActivateThinZoneMeshing:0]] deferred - dummy variable created
[2025.04.03-03.18.35:440][  0]LogConfig: CVar [[ds.CADTranslator.Stitching.RemoveThinFaces:0]] deferred - dummy variable created
[2025.04.03-03.18.35:441][  0]LogConfig: Applying CVar settings from Section [Startup_Windows] File [../../../Engine/Config/ConsoleVariables.ini]
[2025.04.03-03.18.35:441][  0]LogConfig: Applying CVar settings from Section [ConsoleVariables] File [Engine]
[2025.04.03-03.18.35:441][  0]LogConfig: Set CVar [[memory.MemoryPressureCriticalThresholdMB:512]]
[2025.04.03-03.18.35:441][  0]LogInit: Computer: MAIT-09-32
[2025.04.03-03.18.35:441][  0]LogInit: User: 14347
[2025.04.03-03.18.35:441][  0]LogInit: CPU Page size=4096, Cores=10
[2025.04.03-03.18.35:441][  0]LogInit: High frequency timer resolution =10.000000 MHz
[2025.04.03-03.18.35:642][  0]LogMemory: Process is running as part of a Windows Job with separate resource limits
[2025.04.03-03.18.35:643][  0]LogMemory: Memory total: Physical=31.7GB (32GB approx) Virtual=33.7GB
[2025.04.03-03.18.35:643][  0]LogMemory: Platform Memory Stats for WindowsEditor
[2025.04.03-03.18.35:643][  0]LogMemory: Process Physical Memory: 65.31 MB used, 66.08 MB peak
[2025.04.03-03.18.35:643][  0]LogMemory: Process Virtual Memory: 135.86 MB used, 135.86 MB peak
[2025.04.03-03.18.35:643][  0]LogMemory: Physical Memory: 15285.16 MB used,  17214.91 MB free, 32500.07 MB total
[2025.04.03-03.18.35:643][  0]LogMemory: Virtual Memory: 21777.08 MB used,  12770.98 MB free, 34548.07 MB total
[2025.04.03-03.18.35:651][  0]LogAssetRegistry: FAssetRegistry took 0.0002 seconds to start up
[2025.04.03-03.18.35:652][  0]LogUObjectArray: 438 objects as part of root set at end of initial load.
[2025.04.03-03.18.35:652][  0]LogUObjectArray: CloseDisregardForGC: 0/0 objects in disregard for GC pool
[2025.04.03-03.18.35:652][  0]LogInit: Using OS detected language ().
[2025.04.03-03.18.35:652][  0]LogInit: Using OS detected locale ().
[2025.04.03-03.18.35:654][  0]LogTextLocalizationManager: No localization for '' exists, so 'en' will be used for the language.
[2025.04.03-03.18.35:654][  0]LogTextLocalizationManager: No localization for '' exists, so 'en' will be used for the locale.
[2025.04.03-03.18.35:654][  0]LogInit: Using OS detected language ().
[2025.04.03-03.18.35:654][  0]LogInit: Using OS detected locale ().
[2025.04.03-03.18.35:654][  0]LogTextLocalizationManager: No localization for '' exists, so 'en' will be used for the language.
[2025.04.03-03.18.35:654][  0]LogTextLocalizationManager: No localization for '' exists, so 'en' will be used for the locale.
[2025.04.03-03.18.35:654][  0]LogPakFile: Display: ProjectDir: ../../../../../../Users/14347/Documents/GitHub/UNI-TRANSFER/classwork2/
[2025.04.03-03.18.35:654][  0]LogIoStore: Display: ==================== IoStore Utils ====================
[2025.04.03-03.18.35:655][  0]LogIoStore: Display: Parsing crypto keys from a crypto key cache file 'C:\Users\14347\Documents\GitHub\UNI-TRANSFER\classwork2\Saved\Cooked\Windows\classwork2\Metadata\Crypto.json'
[2025.04.03-03.18.35:655][  0]LogIoStore: Display: Container signing - DISABLED
[2025.04.03-03.18.35:655][  0]LogIoStore: Display: Directory index - ENABLED
[2025.04.03-03.18.35:655][  0]LogIoStore: Display: Using compression format 'Oodle'
[2025.04.03-03.18.35:655][  0]LogIoStore: Display: Using memory mapping alignment '16384'
[2025.04.03-03.18.35:655][  0]LogIoStore: Display: Using compression block size '65536'
[2025.04.03-03.18.35:655][  0]LogIoStore: Display: Using compression block alignment '2048'
[2025.04.03-03.18.35:655][  0]LogIoStore: Display: Using compression min bytes saved '1024'
[2025.04.03-03.18.35:655][  0]LogIoStore: Display: Using compression min percent saved '5'
[2025.04.03-03.18.35:655][  0]LogIoStore: Display: Using max partition size '0'
[2025.04.03-03.18.35:655][  0]LogIoStore: Display: Not using DDC for compression
[2025.04.03-03.18.35:655][  0]LogIoStore: Display: Using command list file: 'C:\Users\14347\AppData\Roaming\Unreal Engine\AutomationTool\Logs\C+Program+Files+Epic+Games+UE_5.5\IoStoreCommands.txt'
[2025.04.03-03.18.35:678][  0]LogIoStore: Display: Selected Oodle level 4 (Normal) from command line for shaders
[2025.04.03-03.18.35:678][  0]LogIoStore: Display: Fetched 483 oplog items from Manifest in 0.00 seconds
[2025.04.03-03.18.35:680][  0]LogIoStore: Display: Parsed 483 oplog items 0.00 seconds, 596 chunks
[2025.04.03-03.18.35:689][  0]LogIoStore: Display: Using input asset registry: C:/Users/14347/Documents/GitHub/UNI-TRANSFER/classwork2/Saved/Cooked/Windows/classwork2/Metadata/DevelopmentAssetRegistry.bin
[2025.04.03-03.18.35:694][  0]LogIoStore: Display: Loaded 120 chunk hashes from AssetRegistry in 0.01 seconds, 120 hashes updated in 0.00 seconds
[2025.04.03-03.18.35:697][  0]LogIoStore: Display: Searching for cooked assets in folder 'C:\Users\14347\Documents\GitHub\UNI-TRANSFER\classwork2\Saved\Cooked\Windows'
[2025.04.03-03.18.35:718][  0]LogIoStore: Display: Found '1080' files
[2025.04.03-03.18.35:733][  0]LogIoStore: Display: Creating container targets...
[2025.04.03-03.18.35:735][  0]OodleDataCompression: Display: Oodle v2.9.12 format for pak/iostore with method=Kraken, level=4=Normal
[2025.04.03-03.18.35:799][  0]LogIoStore: Display: Parsing packages...
[2025.04.03-03.18.35:799][  0]LogIoStore: Display: Reading package assets...
[2025.04.03-03.18.35:805][  0]LogIoStore: Display: Packages read 476 files in 0.01 seconds, 708,811 total bytes, 128,757,674 bytes per second
[2025.04.03-03.18.35:807][  0]LogIoStore: Display: Processing shader libraries, compressing with Oodle Mermaid, level 4 (Normal)
[2025.04.03-03.18.35:810][  0]LogShaderLibrary: Display: Created IoStoreShaderArchive header: shaders grouped in 158 groups (60 of them didn't need new indices), average uncompressed size 73832 bytes, min 490 bytes, max 965040 bytes (r.ShaderCodeLibrary.MaxShaderGroupSize=1048576)
[2025.04.03-03.18.35:847][  0]LogIoStore: Display: classwork2-PCD3D_SM5(PCD3D_SM5): Recompressed 976 shaders as 158 groups. Library size changed from 3064 KB (3.72 : 1 ratio) to 1419 KB (8.02 : 1 ratio), 46.33% of previous.
[2025.04.03-03.18.35:859][  0]LogShaderLibrary: Display: Created IoStoreShaderArchive header: shaders grouped in 182 groups (44 of them didn't need new indices), average uncompressed size 135466 bytes, min 2342 bytes, max 968129 bytes (r.ShaderCodeLibrary.MaxShaderGroupSize=1048576)
[2025.04.03-03.18.36:060][  0]LogIoStore: Display: classwork2-PCD3D_SM6(PCD3D_SM6): Recompressed 1923 shaders as 182 groups. Library size changed from 18349 KB (1.31 : 1 ratio) to 12244 KB (1.97 : 1 ratio), 66.73% of previous.
[2025.04.03-03.18.36:073][  0]LogShaderLibrary: Display: Created IoStoreShaderArchive header: shaders grouped in 360 groups (135 of them didn't need new indices), average uncompressed size 155786 bytes, min 249 bytes, max 1047981 bytes (r.ShaderCodeLibrary.MaxShaderGroupSize=1048576)
[2025.04.03-03.18.36:194][  0]LogIoStore: Display: Global-PCD3D_SM5(PCD3D_SM5): Recompressed 3915 shaders as 360 groups. Library size changed from 12618 KB (4.34 : 1 ratio) to 5557 KB (9.86 : 1 ratio), 44.04% of previous.
[2025.04.03-03.18.36:247][  0]LogShaderLibrary: Display: Created IoStoreShaderArchive header: shaders grouped in 542 groups (183 of them didn't need new indices), average uncompressed size 211295 bytes, min 1249 bytes, max 1045875 bytes (r.ShaderCodeLibrary.MaxShaderGroupSize=1048576)
[2025.04.03-03.18.37:302][  0]LogIoStore: Display: Global-PCD3D_SM6(PCD3D_SM6): Recompressed 7584 shaders as 542 groups. Library size changed from 85599 KB (1.31 : 1 ratio) to 48193 KB (2.32 : 1 ratio), 56.30% of previous.
[2025.04.03-03.18.37:310][  0]LogIoStore: Display: Shaders processed in 1.50 seconds
[2025.04.03-03.18.37:310][  0]LogIoStore: Display: Initialized WriteRequestManager with MaxConcurrentSourceReads=10 (20 cores), MaxSourceBufferMemory=3072MiB
[2025.04.03-03.18.37:314][  0]LogIoStore: Display: Processing redirects...
[2025.04.03-03.18.37:314][  0]LogIoStore: Display: Creating disk layout...
[2025.04.03-03.18.37:315][  0]LogIoStore: Display: Ordered 476 packages using fallback bundle order
[2025.04.03-03.18.37:337][  0]LogIoStore: Display: Serializing container(s)...
[2025.04.03-03.18.37:895][  0]LogIoStore: Display: Writing and compressing took 0.47 seconds, writes to disk took 0.31 seconds for 204,463,184 bytes @ 655,068,690 bytes per second.
[2025.04.03-03.18.37:895][  0]LogIoStore: Display: global: Found perfect hashmap for 1 items.
[2025.04.03-03.18.37:895][  0]LogIoStore: Display: classwork2-Windows: Found perfect hashmap for 1841 items.
[2025.04.03-03.18.37:909][  0]LogIoStore: Display: Finalize took 0.0 seconds for 2 writers to write 183,294 bytes, 13,427,640 bytes per second
[2025.04.03-03.18.37:909][  0]LogIoStore: Display: Writing tocs... [Physical: 697 MiB, Virtual: 3456 MiB]
[2025.04.03-03.18.37:909][  0]LogIoStore: Display: 120 / 1,842 hashes were loaded from the hash database, by type:
[2025.04.03-03.18.37:909][  0]LogIoStore: Display:     BulkData                   120
[2025.04.03-03.18.37:909][  0]LogIoStore: Display: 596 / 1,842 chunks attempted to compress, by type:
[2025.04.03-03.18.37:909][  0]LogIoStore: Display:     ExportBundleData           476 / 476
[2025.04.03-03.18.37:909][  0]LogIoStore: Display:     BulkData                   120 / 120
[2025.04.03-03.18.37:909][  0]LogIoStore: Display:     ScriptObjects              0 / 1
[2025.04.03-03.18.37:909][  0]LogIoStore: Display:     ContainerHeader            0 / 1
[2025.04.03-03.18.37:909][  0]LogIoStore: Display:     ShaderCodeLibrary          0 / 4
[2025.04.03-03.18.37:909][  0]LogIoStore: Display:     ShaderCode                 0 / 1,240
[2025.04.03-03.18.37:909][  0]LogIoStore: Display: Source bytes read:
[2025.04.03-03.18.37:909][  0]LogIoStore: Display:     Zen:                                  0
[2025.04.03-03.18.37:909][  0]LogIoStore: Display:     Loose File:                 346,867,192
[2025.04.03-03.18.37:909][  0]LogIoStore: Display:         ExportBundleData        327,212,142 bytes over 952 reads
[2025.04.03-03.18.37:909][  0]LogIoStore: Display:         BulkData                 19,655,050 bytes over 120 reads
[2025.04.03-03.18.37:909][  0]LogIoStore: Display:     Memory:                     139,228,626
[2025.04.03-03.18.37:909][  0]LogIoStore: Display:         ShaderCodeLibrary         1,168,136 bytes over 8 reads
[2025.04.03-03.18.37:909][  0]LogIoStore: Display:         ShaderCode              138,060,490 bytes over 2,480 reads
[2025.04.03-03.18.37:910][  0]LogIoStore: Display: Calculating stats...
[2025.04.03-03.18.37:910][  0]LogIoStore: Display: 
[2025.04.03-03.18.37:910][  0]LogIoStore: Display: Container Summary
[2025.04.03-03.18.37:910][  0]LogIoStore: Display: ==================
[2025.04.03-03.18.37:910][  0]LogIoStore: Display: 
[2025.04.03-03.18.37:910][  0]LogIoStore: Display: Container                                               Flags      Chunk(s) #       TOC (KiB)       Raw Size (MiB)           Size (MiB)
[2025.04.03-03.18.37:910][  0]LogIoStore: Display: ----------------------------------------------------------------------------------------------------------------------------------------------
[2025.04.03-03.18.37:910][  0]LogIoStore: Display: global                                              -/-/-/-/-               1            0.62                 2.28                 2.28 -
[2025.04.03-03.18.37:910][  0]LogIoStore: Display: classwork2-Windows                                  C/-/-/I/-            1841          178.38               242.93               192.71 (20.67% Oodle)
[2025.04.03-03.18.37:910][  0]LogIoStore: Display: ----------------------------------------------------------------------------------------------------------------------------------------------
[2025.04.03-03.18.37:910][  0]LogIoStore: Display: Total                                                                    1842          179.00               245.21               194.99
[2025.04.03-03.18.37:910][  0]LogIoStore: Display: 
[2025.04.03-03.18.37:910][  0]LogIoStore: Display: ** Flags: (C)ompressed / (E)ncrypted / (S)igned) / (I)ndexed) / (O)nDemand **
[2025.04.03-03.18.37:910][  0]LogIoStore: Display: 
[2025.04.03-03.18.37:910][  0]LogIoStore: Display: Compression block padding:     1.34 MiB
[2025.04.03-03.18.37:910][  0]LogIoStore: Display: 
[2025.04.03-03.18.37:910][  0]LogIoStore: Display: Container Directory Index
[2025.04.03-03.18.37:910][  0]LogIoStore: Display: ==========================
[2025.04.03-03.18.37:910][  0]LogIoStore: Display: 
[2025.04.03-03.18.37:910][  0]LogIoStore: Display: Container                                          Size (KiB)
[2025.04.03-03.18.37:910][  0]LogIoStore: Display: ----------------------------------------------------------------------------------------------------------------------------------------------
[2025.04.03-03.18.37:910][  0]LogIoStore: Display: global                                                   0.00
[2025.04.03-03.18.37:910][  0]LogIoStore: Display: classwork2-Windows                                      29.47
[2025.04.03-03.18.37:910][  0]LogIoStore: Display: 
[2025.04.03-03.18.37:910][  0]LogIoStore: Display: Container Patch Report
[2025.04.03-03.18.37:910][  0]LogIoStore: Display: ========================
[2025.04.03-03.18.37:910][  0]LogIoStore: Display: 
[2025.04.03-03.18.37:910][  0]LogIoStore: Display: Container                                             Total #       Modified #          Added #   Modified (MiB)      Added (MiB)
[2025.04.03-03.18.37:910][  0]LogIoStore: Display: ----------------------------------------------------------------------------------------------------------------------------------------------
[2025.04.03-03.18.37:910][  0]LogIoStore: Display: global                                                      1                0                0             0.00             0.00
[2025.04.03-03.18.37:910][  0]LogIoStore: Display: classwork2-Windows                                       1841                0             1841             0.00           191.37
[2025.04.03-03.18.37:910][  0]LogIoStore: Display: 
[2025.04.03-03.18.37:910][  0]LogIoStore: Display: PackageStore
[2025.04.03-03.18.37:910][  0]LogIoStore: Display: =============
[2025.04.03-03.18.37:910][  0]LogIoStore: Display: 
[2025.04.03-03.18.37:910][  0]LogIoStore: Display: Container                                          Size (KiB)      Packages #     Localized #
[2025.04.03-03.18.37:910][  0]LogIoStore: Display: ----------------------------------------------------------------------------------------------------------------------------------------------
[2025.04.03-03.18.37:910][  0]LogIoStore: Display: classwork2-Windows                                         15             476               0
[2025.04.03-03.18.37:910][  0]LogIoStore: Display: ----------------------------------------------------------------------------------------------------------------------------------------------
[2025.04.03-03.18.37:910][  0]LogIoStore: Display: Total                                                      15             476               0
[2025.04.03-03.18.37:910][  0]LogIoStore: Display: 
[2025.04.03-03.18.37:910][  0]LogIoStore: Display: 
[2025.04.03-03.18.37:910][  0]LogIoStore: Display: Input:       476 Packages
[2025.04.03-03.18.37:910][  0]LogIoStore: Display: Input:      0.15 GB UExp
[2025.04.03-03.18.37:910][  0]LogIoStore: Display: Input:      0.00 GB UAsset
[2025.04.03-03.18.37:910][  0]LogIoStore: Display: Input:      0.02 GB UBulk
[2025.04.03-03.18.37:910][  0]LogIoStore: Display: Input:     52.49 MB for 902 Global shaders
[2025.04.03-03.18.37:910][  0]LogIoStore: Display: Input:      1.29 MB for 141 Shared shaders
[2025.04.03-03.18.37:910][  0]LogIoStore: Display: Input:      0.00 MB for 0 Unique shaders
[2025.04.03-03.18.37:910][  0]LogIoStore: Display: Input:     12.05 MB for 197 Inline shaders
[2025.04.03-03.18.37:910][  0]LogIoStore: Display: 
[2025.04.03-03.18.37:910][  0]LogIoStore: Display: Output:     4484 Name map entries
[2025.04.03-03.18.37:910][  0]LogIoStore: Display: Output:      462 Imported package entries
[2025.04.03-03.18.37:911][  0]LogIoStore: Display: Output:      289 Packages without imports
[2025.04.03-03.18.37:911][  0]LogIoStore: Display: Output:        0 Public runtime script objects
[2025.04.03-03.18.37:911][  0]LogIoStore: Display: Output:     0.00 GB HeaderData
[2025.04.03-03.18.37:911][  0]LogIoStore: Display: Output:     2.28 MB InitialLoadData
[2025.04.03-03.18.37:911][  0]LogIoStore: Display: 
[2025.04.03-03.18.37:915][  0]LogPakFile: Display: UnrealPak executed in 2.262051 seconds
[2025.04.03-03.18.37:927][  0]LogCore: Engine exit requested (reason: UnrealPak Exiting)
[2025.04.03-03.18.37:927][  0]LogExit: Preparing to exit.
[2025.04.03-03.18.37:928][  0]LogExit: Object subsystem successfully closed.
[2025.04.03-03.18.37:928][  0]LogPakFile: Destroying PakPlatformFile
[2025.04.03-03.18.37:929][  0]LogExit: Exiting.
[2025.04.03-03.18.37:940][  0]Log file closed, 04/03/25 14:18:37
